<?xml version="1.0" encoding="UTF-8"?>
<testng-results skipped="0" failed="0" ignored="0" total="1" passed="1">
  <reporter-output>
  </reporter-output>
  <suite name="Default suite" duration-ms="11562" started-at="2020-02-19T18:34:34 CST" finished-at="2020-02-19T18:34:46 CST">
    <groups>
    </groups>
    <test name="Default test" duration-ms="11562" started-at="2020-02-19T18:34:34 CST" finished-at="2020-02-19T18:34:46 CST">
      <class name="test.PostDisplaytest">
        <test-method status="PASS" signature="UserShouldBeAbleToLOgin()[pri:0, instance:test.PostDisplaytest@543e710e]" name="UserShouldBeAbleToLOgin" duration-ms="11538" started-at="2020-02-19T18:34:34 CST" finished-at="2020-02-19T18:34:46 CST">
          <reporter-output>
          </reporter-output>
        </test-method> <!-- UserShouldBeAbleToLOgin -->
      </class> <!-- test.PostDisplaytest -->
    </test> <!-- Default test -->
  </suite> <!-- Default suite -->
</testng-results>
